-------------------------------------------------------------------------------
Test set: com.easybuy.shopping.EcommerceApplicationTests
-------------------------------------------------------------------------------
Tests run: 1, Failures: 0, Errors: 1, Skipped: 0, Time elapsed: 1.364 s <<< FAILURE! - in com.easybuy.shopping.EcommerceApplicationTests
contextLoads(com.easybuy.shopping.EcommerceApplicationTests)  Time elapsed: 0.001 s  <<< ERROR!
java.lang.IllegalStateException: Failed to load ApplicationContext
Caused by: org.springframework.beans.factory.BeanCreationException: Error creating bean with name 'jwtProvider': Injection of autowired dependencies failed; nested exception is java.lang.IllegalArgumentException: Could not resolve placeholder 'easy.buy.jwtSecret' in value "${easy.buy.jwtSecret}"
Caused by: java.lang.IllegalArgumentException: Could not resolve placeholder 'easy.buy.jwtSecret' in value "${easy.buy.jwtSecret}"

